<?xml version="1.0" encoding="UTF-8"?>
<testng-results skipped="0" failed="0" ignored="0" total="1" passed="1">
  <reporter-output>
  </reporter-output>
  <suite name="Default suite" duration-ms="850" started-at="2024-03-13T20:29:12 IST" finished-at="2024-03-13T20:29:13 IST">
    <groups>
    </groups>
    <test name="Default test" duration-ms="850" started-at="2024-03-13T20:29:12 IST" finished-at="2024-03-13T20:29:13 IST">
      <class name="excel.e1">
        <test-method status="PASS" signature="t1()[pri:0, instance:excel.e1@4493d195]" name="t1" duration-ms="807" started-at="2024-03-13T20:29:12 IST" finished-at="2024-03-13T20:29:13 IST">
          <reporter-output>
          </reporter-output>
        </test-method> <!-- t1 -->
      </class> <!-- excel.e1 -->
    </test> <!-- Default test -->
  </suite> <!-- Default suite -->
</testng-results>
